default n0_ice value 1.0e7
Clasius-Clayperon lookup table temperature_min not given in name list taking default of 180 K
Clasius-Clayperon lookup table temperature_max not given in name list taking default of 380.0 K
Clasius-Clayperon lookup table n_lookup not given in name list taking default of 512
Clasius-Clayperon lookup table temperature_min not given in name list taking default of 180 K
Clasius-Clayperon lookup table temperature_max not given in name list taking default of 380.0 K
Clasius-Clayperon lookup table n_lookup not given in name list taking default of 512
Clasius-Clayperon lookup table temperature_min not given in name list taking default of 180 K
Clasius-Clayperon lookup table temperature_max not given in name list taking default of 380.0 K
Clasius-Clayperon lookup table n_lookup not given in name list taking default of 512
lw_tau0_eqtr = 5.76
lw_tau0_pole = 1.44
Ocean heat flux set to:  67.4910125732
Ocean heat flux set to:  67.4910125732
Ocean heat flux set to:  67.4910125732
Ocean heat flux set to:  67.4910125732
Ocean heat flux set to:  67.4910125732
Ocean heat flux set to:  67.4910125732
Ocean heat flux set to:  67.4910125732
Ocean heat flux set to:  67.4910125732
Ocean heat flux set to:  67.4910125732
Ocean heat flux set to:  67.4910125732
Ocean heat flux set to:  67.4910125732
Ocean heat flux set to:  67.4910125732
Ocean heat flux set to:  67.4910125732
Ocean heat flux set to:  67.4910125732
Ocean heat flux set to:  67.4910125732
Ocean heat flux set to:  67.4910125732
Ocean heat flux set to:  67.4910125732
Ocean heat flux set to:  67.4910125732
Ocean heat flux set to:  67.4910125732
Ocean heat flux set to:  67.4910125732
Ocean heat flux set to:  67.4910125732
Ocean heat flux set to:  67.4910125732
Ocean heat flux set to:  67.4910125732
Ocean heat flux set to:  67.4910125732
Ocean heat flux set to:  67.4910125732
Ocean heat flux set to:  67.4910125732
Ocean heat flux set to:  67.4910125732
Ocean heat flux set to:  67.4910125732
Ocean heat flux set to:  67.4910125732
Ocean heat flux set to:  67.4910125732
Ocean heat flux set to:  67.4910125732
Ocean heat flux set to:  67.4910125732
Ocean heat flux set to:  67.4910125732
Ocean heat flux set to:  67.4910125732
Ocean heat flux set to:  67.4910125732
Ocean heat flux set to:  67.4910125732
Ocean heat flux set to:  67.4910125732
Ocean heat flux set to:  67.4910125732
Ocean heat flux set to:  67.4910125732
Ocean heat flux set to:  67.4910125732
Ocean heat flux set to:  67.4910125732
Not a restarted simulation.
Ocean heat flux set to:  67.4910125732
Ocean heat flux set to:  67.4910125732
Ocean heat flux set to:  67.4910125732
Ocean heat flux set to:  67.4910125732
Ocean heat flux set to:  67.4910125732
Ocean heat flux set to:  67.4910125732
Ocean heat flux set to:  67.4910125732
Ocean heat flux set to:  67.4910125732
Ocean heat flux set to:  67.4910125732
Ocean heat flux set to:  67.4910125732
Ocean heat flux set to:  67.4910125732
Ocean heat flux set to:  67.4910125732
Ocean heat flux set to:  67.4910125732
Ocean heat flux set to:  67.4910125732
Ocean heat flux set to:  67.4910125732
Ocean heat flux set to:  67.4910125732
Ocean heat flux set to:  67.4910125732
Ocean heat flux set to:  67.4910125732
Ocean heat flux set to:  67.4910125732
Ocean heat flux set to:  67.4910125732
Ocean heat flux set to:  67.4910125732
Ocean heat flux set to:  67.4910125732
Ocean heat flux set to:  67.4910125732
Ocean heat flux set to:  67.4910125732
Ocean heat flux set to:  67.4910125732
Ocean heat flux set to:  67.4910125732
Ocean heat flux set to:  67.4910125732
Ocean heat flux set to:  67.4910125732
Ocean heat flux set to:  67.4910125732
Ocean heat flux set to:  67.4910125732
Ocean heat flux set to:  67.4910125732
Ocean heat flux set to:  67.4910125732
Ocean heat flux set to:  67.4910125732
Ocean heat flux set to:  67.4910125732
Ocean heat flux set to:  67.4910125732
Ocean heat flux set to:  67.4910125732
Ocean heat flux set to:  67.4910125732
Ocean heat flux set to:  67.4910125732
Ocean heat flux set to:  67.4910125732
Ocean heat flux set to:  67.4910125732
Ocean heat flux set to:  67.4910125732
Ocean heat flux set to:  67.4910125732
Ocean heat flux set to:  67.4910125732
Ocean heat flux set to:  67.4910125732
Ocean heat flux set to:  67.4910125732
Ocean heat flux set to:  67.4910125732
Ocean heat flux set to:  67.4910125732
Ocean heat flux set to:  67.4910125732
Ocean heat flux set to:  67.4910125732
Ocean heat flux set to:  67.4910125732
Ocean heat flux set to:  67.4910125732
Ocean heat flux set to:  67.4910125732
Ocean heat flux set to:  67.4910125732
Ocean heat flux set to:  67.4910125732
Ocean heat flux set to:  67.4910125732
Setting up statistical output files for Prognostic Variables
Traceback (most recent call last):
  File "main.py", line 33, in <module>
Traceback (most recent call last):
  File "main.py", line 33, in <module>
Traceback (most recent call last):
  File "main.py", line 33, in <module>
Traceback (most recent call last):
  File "main.py", line 33, in <module>
Traceback (most recent call last):
  File "main.py", line 33, in <module>
Traceback (most recent call last):
  File "main.py", line 33, in <module>
Traceback (most recent call last):
  File "main.py", line 33, in <module>
Traceback (most recent call last):
  File "main.py", line 33, in <module>
Traceback (most recent call last):
  File "main.py", line 33, in <module>
Traceback (most recent call last):
  File "main.py", line 33, in <module>
Traceback (most recent call last):
  File "main.py", line 33, in <module>
Traceback (most recent call last):
  File "main.py", line 33, in <module>
Traceback (most recent call last):
  File "main.py", line 33, in <module>
Traceback (most recent call last):
  File "main.py", line 33, in <module>
    main()
  File "main.py", line 17, in main
    main()
  File "main.py", line 17, in main
    main()
  File "main.py", line 17, in main
    main()
  File "main.py", line 17, in main
    main()
  File "main.py", line 17, in main
    main()
  File "main.py", line 17, in main
    main()
  File "main.py", line 17, in main
    main()
  File "main.py", line 17, in main
    main()
  File "main.py", line 17, in main
    main()
  File "main.py", line 17, in main
    main()
  File "main.py", line 17, in main
    main()
  File "main.py", line 17, in main
    main()
  File "main.py", line 17, in main
    main()
  File "main.py", line 17, in main
    main3d(namelist)
  File "main.py", line 26, in main3d
    main3d(namelist)
  File "main.py", line 26, in main3d
    main3d(namelist)
  File "main.py", line 26, in main3d
    main3d(namelist)
  File "main.py", line 26, in main3d
    main3d(namelist)
  File "main.py", line 26, in main3d
    main3d(namelist)
  File "main.py", line 26, in main3d
    main3d(namelist)
  File "main.py", line 26, in main3d
    main3d(namelist)
  File "main.py", line 26, in main3d
    main3d(namelist)
  File "main.py", line 26, in main3d
    main3d(namelist)
  File "main.py", line 26, in main3d
    main3d(namelist)
  File "main.py", line 26, in main3d
    main3d(namelist)
  File "main.py", line 26, in main3d
    main3d(namelist)
  File "main.py", line 26, in main3d
    main3d(namelist)
  File "main.py", line 26, in main3d
    Simulation.initialize(namelist)
  File "Simulation3d.pyx", line 154, in Simulation3d.Simulation3d.initialize
    Simulation.initialize(namelist)
  File "Simulation3d.pyx", line 154, in Simulation3d.Simulation3d.initialize
    Simulation.initialize(namelist)
  File "Simulation3d.pyx", line 154, in Simulation3d.Simulation3d.initialize
    Simulation.initialize(namelist)
  File "Simulation3d.pyx", line 154, in Simulation3d.Simulation3d.initialize
    Simulation.initialize(namelist)
  File "Simulation3d.pyx", line 154, in Simulation3d.Simulation3d.initialize
    Simulation.initialize(namelist)
  File "Simulation3d.pyx", line 154, in Simulation3d.Simulation3d.initialize
    Simulation.initialize(namelist)
  File "Simulation3d.pyx", line 154, in Simulation3d.Simulation3d.initialize
    Simulation.initialize(namelist)
  File "Simulation3d.pyx", line 154, in Simulation3d.Simulation3d.initialize
    Simulation.initialize(namelist)
  File "Simulation3d.pyx", line 154, in Simulation3d.Simulation3d.initialize
    Simulation.initialize(namelist)
  File "Simulation3d.pyx", line 154, in Simulation3d.Simulation3d.initialize
    Simulation.initialize(namelist)
  File "Simulation3d.pyx", line 154, in Simulation3d.Simulation3d.initialize
    Simulation.initialize(namelist)
  File "Simulation3d.pyx", line 154, in Simulation3d.Simulation3d.initialize
    Simulation.initialize(namelist)
  File "Simulation3d.pyx", line 154, in Simulation3d.Simulation3d.initialize
    Simulation.initialize(namelist)
  File "Simulation3d.pyx", line 154, in Simulation3d.Simulation3d.initialize
    SetInitialConditions(namelist,self.Gr, self.PV, self.Ref, self.Th, self.StatsIO, self.Pa, self.LH)
  File "Initialization.pyx", line 1452, in Initialization.InitGCMMean
    SetInitialConditions(namelist,self.Gr, self.PV, self.Ref, self.Th, self.StatsIO, self.Pa, self.LH)
  File "Initialization.pyx", line 1452, in Initialization.InitGCMMean
    SetInitialConditions(namelist,self.Gr, self.PV, self.Ref, self.Th, self.StatsIO, self.Pa, self.LH)
  File "Initialization.pyx", line 1452, in Initialization.InitGCMMean
    SetInitialConditions(namelist,self.Gr, self.PV, self.Ref, self.Th, self.StatsIO, self.Pa, self.LH)
  File "Initialization.pyx", line 1452, in Initialization.InitGCMMean
    SetInitialConditions(namelist,self.Gr, self.PV, self.Ref, self.Th, self.StatsIO, self.Pa, self.LH)
  File "Initialization.pyx", line 1452, in Initialization.InitGCMMean
    SetInitialConditions(namelist,self.Gr, self.PV, self.Ref, self.Th, self.StatsIO, self.Pa, self.LH)
  File "Initialization.pyx", line 1452, in Initialization.InitGCMMean
    SetInitialConditions(namelist,self.Gr, self.PV, self.Ref, self.Th, self.StatsIO, self.Pa, self.LH)
  File "Initialization.pyx", line 1452, in Initialization.InitGCMMean
    SetInitialConditions(namelist,self.Gr, self.PV, self.Ref, self.Th, self.StatsIO, self.Pa, self.LH)
  File "Initialization.pyx", line 1452, in Initialization.InitGCMMean
    SetInitialConditions(namelist,self.Gr, self.PV, self.Ref, self.Th, self.StatsIO, self.Pa, self.LH)
  File "Initialization.pyx", line 1452, in Initialization.InitGCMMean
    SetInitialConditions(namelist,self.Gr, self.PV, self.Ref, self.Th, self.StatsIO, self.Pa, self.LH)
  File "Initialization.pyx", line 1452, in Initialization.InitGCMMean
    SetInitialConditions(namelist,self.Gr, self.PV, self.Ref, self.Th, self.StatsIO, self.Pa, self.LH)
  File "Initialization.pyx", line 1452, in Initialization.InitGCMMean
    SetInitialConditions(namelist,self.Gr, self.PV, self.Ref, self.Th, self.StatsIO, self.Pa, self.LH)
  File "Initialization.pyx", line 1452, in Initialization.InitGCMMean
    SetInitialConditions(namelist,self.Gr, self.PV, self.Ref, self.Th, self.StatsIO, self.Pa, self.LH)
  File "Initialization.pyx", line 1452, in Initialization.InitGCMMean
    input_data_tv = cPickle.load(fh)
cPickle.UnpicklingError: invalid load key, 'H'.
    input_data_tv = cPickle.load(fh)
cPickle.UnpicklingError: invalid load key, 'H'.
    input_data_tv = cPickle.load(fh)
cPickle.UnpicklingError: invalid load key, 'H'.
    input_data_tv = cPickle.load(fh)
cPickle.UnpicklingError: invalid load key, 'H'.
    input_data_tv = cPickle.load(fh)
cPickle.UnpicklingError: invalid load key, 'H'.
    input_data_tv = cPickle.load(fh)
cPickle.UnpicklingError: invalid load key, 'H'.
    input_data_tv = cPickle.load(fh)
cPickle.UnpicklingError: invalid load key, 'H'.
    input_data_tv = cPickle.load(fh)
cPickle.UnpicklingError: invalid load key, 'H'.
    input_data_tv = cPickle.load(fh)
cPickle.UnpicklingError: invalid load key, 'H'.
    input_data_tv = cPickle.load(fh)
cPickle.UnpicklingError: invalid load key, 'H'.
    input_data_tv = cPickle.load(fh)
cPickle.UnpicklingError: invalid load key, 'H'.
    input_data_tv = cPickle.load(fh)
cPickle.UnpicklingError: invalid load key, 'H'.
    input_data_tv = cPickle.load(fh)
cPickle.UnpicklingError: invalid load key, 'H'.
    SetInitialConditions(namelist,self.Gr, self.PV, self.Ref, self.Th, self.StatsIO, self.Pa, self.LH)
  File "Initialization.pyx", line 1452, in Initialization.InitGCMMean
Traceback (most recent call last):
  File "main.py", line 33, in <module>
Traceback (most recent call last):
  File "main.py", line 33, in <module>
Traceback (most recent call last):
  File "main.py", line 33, in <module>
Traceback (most recent call last):
  File "main.py", line 33, in <module>
Traceback (most recent call last):
  File "main.py", line 33, in <module>
Traceback (most recent call last):
  File "main.py", line 33, in <module>
Traceback (most recent call last):
  File "main.py", line 33, in <module>
Traceback (most recent call last):
  File "main.py", line 33, in <module>
Traceback (most recent call last):
  File "main.py", line 33, in <module>
Traceback (most recent call last):
  File "main.py", line 33, in <module>
Traceback (most recent call last):
  File "main.py", line 33, in <module>
Traceback (most recent call last):
  File "main.py", line 33, in <module>
Traceback (most recent call last):
  File "main.py", line 33, in <module>
Traceback (most recent call last):
  File "main.py", line 33, in <module>
Traceback (most recent call last):
  File "main.py", line 33, in <module>
Traceback (most recent call last):
  File "main.py", line 33, in <module>
Traceback (most recent call last):
  File "main.py", line 33, in <module>
Traceback (most recent call last):
  File "main.py", line 33, in <module>
Traceback (most recent call last):
  File "main.py", line 33, in <module>
Traceback (most recent call last):
  File "main.py", line 33, in <module>
Traceback (most recent call last):
  File "main.py", line 33, in <module>
    main()
  File "main.py", line 17, in main
    main()
  File "main.py", line 17, in main
    main()
  File "main.py", line 17, in main
    main()
  File "main.py", line 17, in main
    main()
  File "main.py", line 17, in main
    main()
  File "main.py", line 17, in main
    main()
  File "main.py", line 17, in main
    main()
  File "main.py", line 17, in main
    main()
  File "main.py", line 17, in main
    main()
  File "main.py", line 17, in main
    main()
  File "main.py", line 17, in main
    main()
  File "main.py", line 17, in main
    main()
  File "main.py", line 17, in main
    main()
  File "main.py", line 17, in main
Traceback (most recent call last):
  File "main.py", line 33, in <module>
    main()
  File "main.py", line 17, in main
    main()
  File "main.py", line 17, in main
    main()
  File "main.py", line 17, in main
    main()
  File "main.py", line 17, in main
    main()
  File "main.py", line 17, in main
    main()
  File "main.py", line 17, in main
    main()
  File "main.py", line 17, in main
    main3d(namelist)
  File "main.py", line 26, in main3d
    main3d(namelist)
  File "main.py", line 26, in main3d
    main3d(namelist)
  File "main.py", line 26, in main3d
    main3d(namelist)
  File "main.py", line 26, in main3d
    main3d(namelist)
  File "main.py", line 26, in main3d
    main3d(namelist)
  File "main.py", line 26, in main3d
    main3d(namelist)
  File "main.py", line 26, in main3d
    main3d(namelist)
  File "main.py", line 26, in main3d
    main3d(namelist)
  File "main.py", line 26, in main3d
    main3d(namelist)
  File "main.py", line 26, in main3d
    main3d(namelist)
  File "main.py", line 26, in main3d
    main3d(namelist)
  File "main.py", line 26, in main3d
    main3d(namelist)
  File "main.py", line 26, in main3d
    main3d(namelist)
  File "main.py", line 26, in main3d
    main()
  File "main.py", line 17, in main
    main3d(namelist)
  File "main.py", line 26, in main3d
    main3d(namelist)
  File "main.py", line 26, in main3d
    main3d(namelist)
  File "main.py", line 26, in main3d
    main3d(namelist)
  File "main.py", line 26, in main3d
    main3d(namelist)
  File "main.py", line 26, in main3d
    main3d(namelist)
  File "main.py", line 26, in main3d
    main3d(namelist)
  File "main.py", line 26, in main3d
Traceback (most recent call last):
  File "main.py", line 33, in <module>
    Simulation.initialize(namelist)
  File "Simulation3d.pyx", line 154, in Simulation3d.Simulation3d.initialize
    Simulation.initialize(namelist)
  File "Simulation3d.pyx", line 154, in Simulation3d.Simulation3d.initialize
    Simulation.initialize(namelist)
  File "Simulation3d.pyx", line 154, in Simulation3d.Simulation3d.initialize
    Simulation.initialize(namelist)
  File "Simulation3d.pyx", line 154, in Simulation3d.Simulation3d.initialize
    Simulation.initialize(namelist)
  File "Simulation3d.pyx", line 154, in Simulation3d.Simulation3d.initialize
    Simulation.initialize(namelist)
  File "Simulation3d.pyx", line 154, in Simulation3d.Simulation3d.initialize
    Simulation.initialize(namelist)
  File "Simulation3d.pyx", line 154, in Simulation3d.Simulation3d.initialize
    Simulation.initialize(namelist)
  File "Simulation3d.pyx", line 154, in Simulation3d.Simulation3d.initialize
    Simulation.initialize(namelist)
  File "Simulation3d.pyx", line 154, in Simulation3d.Simulation3d.initialize
    Simulation.initialize(namelist)
  File "Simulation3d.pyx", line 154, in Simulation3d.Simulation3d.initialize
    Simulation.initialize(namelist)
  File "Simulation3d.pyx", line 154, in Simulation3d.Simulation3d.initialize
    Simulation.initialize(namelist)
  File "Simulation3d.pyx", line 154, in Simulation3d.Simulation3d.initialize
    Simulation.initialize(namelist)
  File "Simulation3d.pyx", line 154, in Simulation3d.Simulation3d.initialize
    Simulation.initialize(namelist)
  File "Simulation3d.pyx", line 154, in Simulation3d.Simulation3d.initialize
    Simulation.initialize(namelist)
  File "Simulation3d.pyx", line 154, in Simulation3d.Simulation3d.initialize
    Simulation.initialize(namelist)
  File "Simulation3d.pyx", line 154, in Simulation3d.Simulation3d.initialize
    Simulation.initialize(namelist)
  File "Simulation3d.pyx", line 154, in Simulation3d.Simulation3d.initialize
    Simulation.initialize(namelist)
  File "Simulation3d.pyx", line 154, in Simulation3d.Simulation3d.initialize
    Simulation.initialize(namelist)
  File "Simulation3d.pyx", line 154, in Simulation3d.Simulation3d.initialize
    Simulation.initialize(namelist)
  File "Simulation3d.pyx", line 154, in Simulation3d.Simulation3d.initialize
    Simulation.initialize(namelist)
  File "Simulation3d.pyx", line 154, in Simulation3d.Simulation3d.initialize
    SetInitialConditions(namelist,self.Gr, self.PV, self.Ref, self.Th, self.StatsIO, self.Pa, self.LH)
  File "Initialization.pyx", line 1452, in Initialization.InitGCMMean
    SetInitialConditions(namelist,self.Gr, self.PV, self.Ref, self.Th, self.StatsIO, self.Pa, self.LH)
  File "Initialization.pyx", line 1452, in Initialization.InitGCMMean
    SetInitialConditions(namelist,self.Gr, self.PV, self.Ref, self.Th, self.StatsIO, self.Pa, self.LH)
  File "Initialization.pyx", line 1452, in Initialization.InitGCMMean
    SetInitialConditions(namelist,self.Gr, self.PV, self.Ref, self.Th, self.StatsIO, self.Pa, self.LH)
  File "Initialization.pyx", line 1452, in Initialization.InitGCMMean
    SetInitialConditions(namelist,self.Gr, self.PV, self.Ref, self.Th, self.StatsIO, self.Pa, self.LH)
  File "Initialization.pyx", line 1452, in Initialization.InitGCMMean
    SetInitialConditions(namelist,self.Gr, self.PV, self.Ref, self.Th, self.StatsIO, self.Pa, self.LH)
  File "Initialization.pyx", line 1452, in Initialization.InitGCMMean
    SetInitialConditions(namelist,self.Gr, self.PV, self.Ref, self.Th, self.StatsIO, self.Pa, self.LH)
  File "Initialization.pyx", line 1452, in Initialization.InitGCMMean
    SetInitialConditions(namelist,self.Gr, self.PV, self.Ref, self.Th, self.StatsIO, self.Pa, self.LH)
  File "Initialization.pyx", line 1452, in Initialization.InitGCMMean
    SetInitialConditions(namelist,self.Gr, self.PV, self.Ref, self.Th, self.StatsIO, self.Pa, self.LH)
  File "Initialization.pyx", line 1452, in Initialization.InitGCMMean
    SetInitialConditions(namelist,self.Gr, self.PV, self.Ref, self.Th, self.StatsIO, self.Pa, self.LH)
  File "Initialization.pyx", line 1452, in Initialization.InitGCMMean
    SetInitialConditions(namelist,self.Gr, self.PV, self.Ref, self.Th, self.StatsIO, self.Pa, self.LH)
  File "Initialization.pyx", line 1452, in Initialization.InitGCMMean
    main3d(namelist)
  File "main.py", line 26, in main3d
    SetInitialConditions(namelist,self.Gr, self.PV, self.Ref, self.Th, self.StatsIO, self.Pa, self.LH)
  File "Initialization.pyx", line 1452, in Initialization.InitGCMMean
    SetInitialConditions(namelist,self.Gr, self.PV, self.Ref, self.Th, self.StatsIO, self.Pa, self.LH)
  File "Initialization.pyx", line 1452, in Initialization.InitGCMMean
    SetInitialConditions(namelist,self.Gr, self.PV, self.Ref, self.Th, self.StatsIO, self.Pa, self.LH)
  File "Initialization.pyx", line 1452, in Initialization.InitGCMMean
    SetInitialConditions(namelist,self.Gr, self.PV, self.Ref, self.Th, self.StatsIO, self.Pa, self.LH)
  File "Initialization.pyx", line 1452, in Initialization.InitGCMMean
    SetInitialConditions(namelist,self.Gr, self.PV, self.Ref, self.Th, self.StatsIO, self.Pa, self.LH)
  File "Initialization.pyx", line 1452, in Initialization.InitGCMMean
    SetInitialConditions(namelist,self.Gr, self.PV, self.Ref, self.Th, self.StatsIO, self.Pa, self.LH)
  File "Initialization.pyx", line 1452, in Initialization.InitGCMMean
    SetInitialConditions(namelist,self.Gr, self.PV, self.Ref, self.Th, self.StatsIO, self.Pa, self.LH)
  File "Initialization.pyx", line 1452, in Initialization.InitGCMMean
    Simulation.initialize(namelist)
  File "Simulation3d.pyx", line 154, in Simulation3d.Simulation3d.initialize
    main()
  File "main.py", line 17, in main
    SetInitialConditions(namelist,self.Gr, self.PV, self.Ref, self.Th, self.StatsIO, self.Pa, self.LH)
  File "Initialization.pyx", line 1452, in Initialization.InitGCMMean
    main3d(namelist)
  File "main.py", line 26, in main3d
    SetInitialConditions(namelist,self.Gr, self.PV, self.Ref, self.Th, self.StatsIO, self.Pa, self.LH)
  File "Initialization.pyx", line 1452, in Initialization.InitGCMMean
    Simulation.initialize(namelist)
  File "Simulation3d.pyx", line 154, in Simulation3d.Simulation3d.initialize
    SetInitialConditions(namelist,self.Gr, self.PV, self.Ref, self.Th, self.StatsIO, self.Pa, self.LH)
  File "Initialization.pyx", line 1452, in Initialization.InitGCMMean
    SetInitialConditions(namelist,self.Gr, self.PV, self.Ref, self.Th, self.StatsIO, self.Pa, self.LH)
  File "Initialization.pyx", line 1452, in Initialization.InitGCMMean
    SetInitialConditions(namelist,self.Gr, self.PV, self.Ref, self.Th, self.StatsIO, self.Pa, self.LH)
  File "Initialization.pyx", line 1452, in Initialization.InitGCMMean
Traceback (most recent call last):
  File "main.py", line 33, in <module>
    main()
  File "main.py", line 17, in main
    main3d(namelist)
  File "main.py", line 26, in main3d
    Simulation.initialize(namelist)
  File "Simulation3d.pyx", line 154, in Simulation3d.Simulation3d.initialize
Traceback (most recent call last):
  File "main.py", line 33, in <module>
    main()
  File "main.py", line 17, in main
    main3d(namelist)
  File "main.py", line 26, in main3d
    Simulation.initialize(namelist)
  File "Simulation3d.pyx", line 154, in Simulation3d.Simulation3d.initialize
    SetInitialConditions(namelist,self.Gr, self.PV, self.Ref, self.Th, self.StatsIO, self.Pa, self.LH)
  File "Initialization.pyx", line 1452, in Initialization.InitGCMMean
    input_data_tv = cPickle.load(fh)
cPickle.UnpicklingError: invalid load key, 'H'.
    SetInitialConditions(namelist,self.Gr, self.PV, self.Ref, self.Th, self.StatsIO, self.Pa, self.LH)
  File "Initialization.pyx", line 1452, in Initialization.InitGCMMean
Traceback (most recent call last):
  File "main.py", line 33, in <module>
    input_data_tv = cPickle.load(fh)
cPickle.UnpicklingError: invalid load key, 'H'.
    input_data_tv = cPickle.load(fh)
cPickle.UnpicklingError: invalid load key, 'H'.
    input_data_tv = cPickle.load(fh)
cPickle.UnpicklingError: invalid load key, 'H'.
    input_data_tv = cPickle.load(fh)
cPickle.UnpicklingError: invalid load key, 'H'.
    input_data_tv = cPickle.load(fh)
cPickle.UnpicklingError: invalid load key, 'H'.
    input_data_tv = cPickle.load(fh)
cPickle.UnpicklingError: invalid load key, 'H'.
    input_data_tv = cPickle.load(fh)
cPickle.UnpicklingError: invalid load key, 'H'.
    input_data_tv = cPickle.load(fh)
cPickle.UnpicklingError: invalid load key, 'H'.
    input_data_tv = cPickle.load(fh)
cPickle.UnpicklingError: invalid load key, 'H'.
    main()
  File "main.py", line 17, in main
    input_data_tv = cPickle.load(fh)
cPickle.UnpicklingError: invalid load key, 'H'.
    input_data_tv = cPickle.load(fh)
cPickle.UnpicklingError: invalid load key, 'H'.
    input_data_tv = cPickle.load(fh)
cPickle.UnpicklingError: invalid load key, 'H'.
    input_data_tv = cPickle.load(fh)
cPickle.UnpicklingError: invalid load key, 'H'.
    input_data_tv = cPickle.load(fh)
cPickle.UnpicklingError: invalid load key, 'H'.
    input_data_tv = cPickle.load(fh)
cPickle.UnpicklingError: invalid load key, 'H'.
    input_data_tv = cPickle.load(fh)
cPickle.UnpicklingError: invalid load key, 'H'.
    input_data_tv = cPickle.load(fh)
cPickle.UnpicklingError: invalid load key, 'H'.
    input_data_tv = cPickle.load(fh)
cPickle.UnpicklingError: invalid load key, 'H'.
    input_data_tv = cPickle.load(fh)
cPickle.UnpicklingError: invalid load key, 'H'.
    input_data_tv = cPickle.load(fh)
cPickle.UnpicklingError: invalid load key, 'H'.
    main3d(namelist)
  File "main.py", line 26, in main3d
    Simulation.initialize(namelist)
  File "Simulation3d.pyx", line 154, in Simulation3d.Simulation3d.initialize
    SetInitialConditions(namelist,self.Gr, self.PV, self.Ref, self.Th, self.StatsIO, self.Pa, self.LH)
  File "Initialization.pyx", line 1452, in Initialization.InitGCMMean
    input_data_tv = cPickle.load(fh)
cPickle.UnpicklingError: invalid load key, 'H'.
    input_data_tv = cPickle.load(fh)
cPickle.UnpicklingError: invalid load key, 'H'.
    input_data_tv = cPickle.load(fh)
cPickle.UnpicklingError: invalid load key, 'H'.
    input_data_tv = cPickle.load(fh)
cPickle.UnpicklingError: invalid load key, 'H'.
    input_data_tv = cPickle.load(fh)
cPickle.UnpicklingError: invalid load key, 'H'.
    input_data_tv = cPickle.load(fh)
cPickle.UnpicklingError: invalid load key, 'H'.
Traceback (most recent call last):
  File "main.py", line 33, in <module>
    main()
  File "main.py", line 17, in main
    main3d(namelist)
  File "main.py", line 26, in main3d
    Simulation.initialize(namelist)
  File "Simulation3d.pyx", line 154, in Simulation3d.Simulation3d.initialize
    SetInitialConditions(namelist,self.Gr, self.PV, self.Ref, self.Th, self.StatsIO, self.Pa, self.LH)
  File "Initialization.pyx", line 1452, in Initialization.InitGCMMean
    input_data_tv = cPickle.load(fh)
cPickle.UnpicklingError: invalid load key, 'H'.
Traceback (most recent call last):
  File "main.py", line 33, in <module>
    main()
  File "main.py", line 17, in main
    main3d(namelist)
  File "main.py", line 26, in main3d
    Simulation.initialize(namelist)
  File "Simulation3d.pyx", line 154, in Simulation3d.Simulation3d.initialize
    SetInitialConditions(namelist,self.Gr, self.PV, self.Ref, self.Th, self.StatsIO, self.Pa, self.LH)
  File "Initialization.pyx", line 1452, in Initialization.InitGCMMean
Traceback (most recent call last):
  File "main.py", line 33, in <module>
    main()
  File "main.py", line 17, in main
    main3d(namelist)
  File "main.py", line 26, in main3d
    Simulation.initialize(namelist)
  File "Simulation3d.pyx", line 154, in Simulation3d.Simulation3d.initialize
    SetInitialConditions(namelist,self.Gr, self.PV, self.Ref, self.Th, self.StatsIO, self.Pa, self.LH)
  File "Initialization.pyx", line 1452, in Initialization.InitGCMMean
    input_data_tv = cPickle.load(fh)
cPickle.UnpicklingError: invalid load key, 'H'.
Traceback (most recent call last):
  File "main.py", line 33, in <module>
    main()
  File "main.py", line 17, in main
    main3d(namelist)
  File "main.py", line 26, in main3d
    Simulation.initialize(namelist)
  File "Simulation3d.pyx", line 154, in Simulation3d.Simulation3d.initialize
    SetInitialConditions(namelist,self.Gr, self.PV, self.Ref, self.Th, self.StatsIO, self.Pa, self.LH)
  File "Initialization.pyx", line 1452, in Initialization.InitGCMMean
    input_data_tv = cPickle.load(fh)
cPickle.UnpicklingError: invalid load key, 'H'.
Traceback (most recent call last):
  File "main.py", line 33, in <module>
    main()
  File "main.py", line 17, in main
    main3d(namelist)
  File "main.py", line 26, in main3d
    Simulation.initialize(namelist)
  File "Simulation3d.pyx", line 154, in Simulation3d.Simulation3d.initialize
    SetInitialConditions(namelist,self.Gr, self.PV, self.Ref, self.Th, self.StatsIO, self.Pa, self.LH)
  File "Initialization.pyx", line 1452, in Initialization.InitGCMMean
    input_data_tv = cPickle.load(fh)
cPickle.UnpicklingError: invalid load key, 'H'.
    input_data_tv = cPickle.load(fh)
cPickle.UnpicklingError: invalid load key, 'H'.
Traceback (most recent call last):
  File "main.py", line 33, in <module>
    main()
  File "main.py", line 17, in main
    main3d(namelist)
  File "main.py", line 26, in main3d
    Simulation.initialize(namelist)
  File "Simulation3d.pyx", line 154, in Simulation3d.Simulation3d.initialize
    SetInitialConditions(namelist,self.Gr, self.PV, self.Ref, self.Th, self.StatsIO, self.Pa, self.LH)
  File "Initialization.pyx", line 1452, in Initialization.InitGCMMean
    input_data_tv = cPickle.load(fh)
cPickle.UnpicklingError: invalid load key, 'H'.
Traceback (most recent call last):
  File "main.py", line 33, in <module>
    main()
  File "main.py", line 17, in main
    main3d(namelist)
  File "main.py", line 26, in main3d
    Simulation.initialize(namelist)
  File "Simulation3d.pyx", line 154, in Simulation3d.Simulation3d.initialize
    SetInitialConditions(namelist,self.Gr, self.PV, self.Ref, self.Th, self.StatsIO, self.Pa, self.LH)
  File "Initialization.pyx", line 1452, in Initialization.InitGCMMean
    input_data_tv = cPickle.load(fh)
cPickle.UnpicklingError: invalid load key, 'H'.
Traceback (most recent call last):
  File "main.py", line 33, in <module>
    main()
  File "main.py", line 17, in main
    main3d(namelist)
  File "main.py", line 26, in main3d
Traceback (most recent call last):
  File "main.py", line 33, in <module>
    main()
  File "main.py", line 17, in main
    main3d(namelist)
    Simulation.initialize(namelist)
  File "Simulation3d.pyx", line 154, in Simulation3d.Simulation3d.initialize
  File "main.py", line 26, in main3d
    Simulation.initialize(namelist)
  File "Simulation3d.pyx", line 154, in Simulation3d.Simulation3d.initialize
    SetInitialConditions(namelist,self.Gr, self.PV, self.Ref, self.Th, self.StatsIO, self.Pa, self.LH)
  File "Initialization.pyx", line 1452, in Initialization.InitGCMMean
    SetInitialConditions(namelist,self.Gr, self.PV, self.Ref, self.Th, self.StatsIO, self.Pa, self.LH)
  File "Initialization.pyx", line 1452, in Initialization.InitGCMMean
    input_data_tv = cPickle.load(fh)
    input_data_tv = cPickle.load(fh)
cPickle.UnpicklingError: invalid load key, 'H'.
cPickle.UnpicklingError: invalid load key, 'H'.
Traceback (most recent call last):
  File "main.py", line 33, in <module>
Traceback (most recent call last):
  File "main.py", line 33, in <module>
Traceback (most recent call last):
  File "main.py", line 33, in <module>
    main()
  File "main.py", line 17, in main
    main()
    main3d(namelist)
  File "main.py", line 17, in main
  File "main.py", line 26, in main3d
    Simulation.initialize(namelist)
    main3d(namelist)
  File "main.py", line 26, in main3d
  File "Simulation3d.pyx", line 154, in Simulation3d.Simulation3d.initialize
    Simulation.initialize(namelist)
  File "Simulation3d.pyx", line 154, in Simulation3d.Simulation3d.initialize
    SetInitialConditions(namelist,self.Gr, self.PV, self.Ref, self.Th, self.StatsIO, self.Pa, self.LH)
  File "Initialization.pyx", line 1452, in Initialization.InitGCMMean
    SetInitialConditions(namelist,self.Gr, self.PV, self.Ref, self.Th, self.StatsIO, self.Pa, self.LH)
  File "Initialization.pyx", line 1452, in Initialization.InitGCMMean
    input_data_tv = cPickle.load(fh)
    main()
  File "main.py", line 17, in main
cPickle.UnpicklingError: invalid load key, 'H'.
    input_data_tv = cPickle.load(fh)
cPickle.UnpicklingError: invalid load key, 'H'.
    main3d(namelist)
  File "main.py", line 26, in main3d
    Simulation.initialize(namelist)
  File "Simulation3d.pyx", line 154, in Simulation3d.Simulation3d.initialize
    SetInitialConditions(namelist,self.Gr, self.PV, self.Ref, self.Th, self.StatsIO, self.Pa, self.LH)
  File "Initialization.pyx", line 1452, in Initialization.InitGCMMean
Traceback (most recent call last):
  File "main.py", line 33, in <module>
    main()
  File "main.py", line 17, in main
    main3d(namelist)
  File "main.py", line 26, in main3d
    Simulation.initialize(namelist)
  File "Simulation3d.pyx", line 154, in Simulation3d.Simulation3d.initialize
    SetInitialConditions(namelist,self.Gr, self.PV, self.Ref, self.Th, self.StatsIO, self.Pa, self.LH)
  File "Initialization.pyx", line 1452, in Initialization.InitGCMMean
    input_data_tv = cPickle.load(fh)
cPickle.UnpicklingError: invalid load key, 'H'.
Traceback (most recent call last):
  File "main.py", line 33, in <module>
    main()
  File "main.py", line 17, in main
    main3d(namelist)
  File "main.py", line 26, in main3d
    Simulation.initialize(namelist)
  File "Simulation3d.pyx", line 154, in Simulation3d.Simulation3d.initialize
    SetInitialConditions(namelist,self.Gr, self.PV, self.Ref, self.Th, self.StatsIO, self.Pa, self.LH)
  File "Initialization.pyx", line 1452, in Initialization.InitGCMMean
    input_data_tv = cPickle.load(fh)
cPickle.UnpicklingError: invalid load key, 'H'.
Traceback (most recent call last):
  File "main.py", line 33, in <module>
    main()
  File "main.py", line 17, in main
    main3d(namelist)
  File "main.py", line 26, in main3d
    Simulation.initialize(namelist)
  File "Simulation3d.pyx", line 154, in Simulation3d.Simulation3d.initialize
    SetInitialConditions(namelist,self.Gr, self.PV, self.Ref, self.Th, self.StatsIO, self.Pa, self.LH)
  File "Initialization.pyx", line 1452, in Initialization.InitGCMMean
    input_data_tv = cPickle.load(fh)
cPickle.UnpicklingError: invalid load key, 'H'.
Traceback (most recent call last):
  File "main.py", line 33, in <module>
    main()
  File "main.py", line 17, in main
    main3d(namelist)
  File "main.py", line 26, in main3d
    Simulation.initialize(namelist)
  File "Simulation3d.pyx", line 154, in Simulation3d.Simulation3d.initialize
    SetInitialConditions(namelist,self.Gr, self.PV, self.Ref, self.Th, self.StatsIO, self.Pa, self.LH)
  File "Initialization.pyx", line 1452, in Initialization.InitGCMMean
    input_data_tv = cPickle.load(fh)
cPickle.UnpicklingError: invalid load key, 'H'.
Traceback (most recent call last):
  File "main.py", line 33, in <module>
    main()
  File "main.py", line 17, in main
    main3d(namelist)
  File "main.py", line 26, in main3d
    Simulation.initialize(namelist)
  File "Simulation3d.pyx", line 154, in Simulation3d.Simulation3d.initialize
    SetInitialConditions(namelist,self.Gr, self.PV, self.Ref, self.Th, self.StatsIO, self.Pa, self.LH)
  File "Initialization.pyx", line 1452, in Initialization.InitGCMMean
    input_data_tv = cPickle.load(fh)
cPickle.UnpicklingError: invalid load key, 'H'.
Traceback (most recent call last):
  File "main.py", line 33, in <module>
    main()
  File "main.py", line 17, in main
    main3d(namelist)
  File "main.py", line 26, in main3d
    Simulation.initialize(namelist)
  File "Simulation3d.pyx", line 154, in Simulation3d.Simulation3d.initialize
    SetInitialConditions(namelist,self.Gr, self.PV, self.Ref, self.Th, self.StatsIO, self.Pa, self.LH)
  File "Initialization.pyx", line 1452, in Initialization.InitGCMMean
    input_data_tv = cPickle.load(fh)
cPickle.UnpicklingError: invalid load key, 'H'.
Traceback (most recent call last):
  File "main.py", line 33, in <module>
    main()
  File "main.py", line 17, in main
    main3d(namelist)
  File "main.py", line 26, in main3d
    Simulation.initialize(namelist)
  File "Simulation3d.pyx", line 154, in Simulation3d.Simulation3d.initialize
    SetInitialConditions(namelist,self.Gr, self.PV, self.Ref, self.Th, self.StatsIO, self.Pa, self.LH)
  File "Initialization.pyx", line 1452, in Initialization.InitGCMMean
    input_data_tv = cPickle.load(fh)
cPickle.UnpicklingError: invalid load key, 'H'.
Traceback (most recent call last):
  File "main.py", line 33, in <module>
    main()
  File "main.py", line 17, in main
    main3d(namelist)
  File "main.py", line 26, in main3d
    Simulation.initialize(namelist)
  File "Simulation3d.pyx", line 154, in Simulation3d.Simulation3d.initialize
    SetInitialConditions(namelist,self.Gr, self.PV, self.Ref, self.Th, self.StatsIO, self.Pa, self.LH)
  File "Initialization.pyx", line 1452, in Initialization.InitGCMMean
    input_data_tv = cPickle.load(fh)
cPickle.UnpicklingError: invalid load key, 'H'.
Traceback (most recent call last):
  File "main.py", line 33, in <module>
    main()
  File "main.py", line 17, in main
    main3d(namelist)
  File "main.py", line 26, in main3d
    Simulation.initialize(namelist)
  File "Simulation3d.pyx", line 154, in Simulation3d.Simulation3d.initialize
    SetInitialConditions(namelist,self.Gr, self.PV, self.Ref, self.Th, self.StatsIO, self.Pa, self.LH)
  File "Initialization.pyx", line 1452, in Initialization.InitGCMMean
    input_data_tv = cPickle.load(fh)
cPickle.UnpicklingError: invalid load key, 'H'.
    input_data_tv = cPickle.load(fh)
cPickle.UnpicklingError: invalid load key, 'H'.
Traceback (most recent call last):
  File "main.py", line 33, in <module>
    main()
  File "main.py", line 17, in main
    main3d(namelist)
  File "main.py", line 26, in main3d
    Simulation.initialize(namelist)
  File "Simulation3d.pyx", line 154, in Simulation3d.Simulation3d.initialize
    SetInitialConditions(namelist,self.Gr, self.PV, self.Ref, self.Th, self.StatsIO, self.Pa, self.LH)
  File "Initialization.pyx", line 1452, in Initialization.InitGCMMean
Traceback (most recent call last):
  File "main.py", line 33, in <module>
    main()
  File "main.py", line 17, in main
    main3d(namelist)
  File "main.py", line 26, in main3d
    input_data_tv = cPickle.load(fh)
    Simulation.initialize(namelist)
  File "Simulation3d.pyx", line 154, in Simulation3d.Simulation3d.initialize
cPickle.UnpicklingError: invalid load key, 'H'.
    SetInitialConditions(namelist,self.Gr, self.PV, self.Ref, self.Th, self.StatsIO, self.Pa, self.LH)
  File "Initialization.pyx", line 1452, in Initialization.InitGCMMean
    input_data_tv = cPickle.load(fh)
cPickle.UnpicklingError: invalid load key, 'H'.
Traceback (most recent call last):
  File "main.py", line 33, in <module>
    main()
  File "main.py", line 17, in main
    main3d(namelist)
  File "main.py", line 26, in main3d
    Simulation.initialize(namelist)
  File "Simulation3d.pyx", line 154, in Simulation3d.Simulation3d.initialize
Traceback (most recent call last):
  File "main.py", line 33, in <module>
    main()
  File "main.py", line 17, in main
    main3d(namelist)
  File "main.py", line 26, in main3d
    Simulation.initialize(namelist)
  File "Simulation3d.pyx", line 154, in Simulation3d.Simulation3d.initialize
Traceback (most recent call last):
  File "main.py", line 33, in <module>
    main()
  File "main.py", line 17, in main
    main3d(namelist)
  File "main.py", line 26, in main3d
    Simulation.initialize(namelist)
  File "Simulation3d.pyx", line 154, in Simulation3d.Simulation3d.initialize
    SetInitialConditions(namelist,self.Gr, self.PV, self.Ref, self.Th, self.StatsIO, self.Pa, self.LH)
    SetInitialConditions(namelist,self.Gr, self.PV, self.Ref, self.Th, self.StatsIO, self.Pa, self.LH)
  File "Initialization.pyx", line 1452, in Initialization.InitGCMMean
    SetInitialConditions(namelist,self.Gr, self.PV, self.Ref, self.Th, self.StatsIO, self.Pa, self.LH)
  File "Initialization.pyx", line 1452, in Initialization.InitGCMMean
  File "Initialization.pyx", line 1452, in Initialization.InitGCMMean
    input_data_tv = cPickle.load(fh)
cPickle.UnpicklingError: invalid load key, 'H'.
    input_data_tv = cPickle.load(fh)
cPickle.UnpicklingError: invalid load key, 'H'.
    input_data_tv = cPickle.load(fh)
cPickle.UnpicklingError: invalid load key, 'H'.
Traceback (most recent call last):
  File "main.py", line 33, in <module>
    main()
  File "main.py", line 17, in main
    main3d(namelist)
  File "main.py", line 26, in main3d
Traceback (most recent call last):
  File "main.py", line 33, in <module>
    main()
  File "main.py", line 17, in main
    Simulation.initialize(namelist)
  File "Simulation3d.pyx", line 154, in Simulation3d.Simulation3d.initialize
    SetInitialConditions(namelist,self.Gr, self.PV, self.Ref, self.Th, self.StatsIO, self.Pa, self.LH)
  File "Initialization.pyx", line 1452, in Initialization.InitGCMMean
    main3d(namelist)
  File "main.py", line 26, in main3d
    Simulation.initialize(namelist)
  File "Simulation3d.pyx", line 154, in Simulation3d.Simulation3d.initialize
    SetInitialConditions(namelist,self.Gr, self.PV, self.Ref, self.Th, self.StatsIO, self.Pa, self.LH)
  File "Initialization.pyx", line 1452, in Initialization.InitGCMMean
    input_data_tv = cPickle.load(fh)
cPickle.UnpicklingError: invalid load key, 'H'.
Traceback (most recent call last):
  File "main.py", line 33, in <module>
    main()
  File "main.py", line 17, in main
    main3d(namelist)
  File "main.py", line 26, in main3d
    Simulation.initialize(namelist)
  File "Simulation3d.pyx", line 154, in Simulation3d.Simulation3d.initialize
    SetInitialConditions(namelist,self.Gr, self.PV, self.Ref, self.Th, self.StatsIO, self.Pa, self.LH)
  File "Initialization.pyx", line 1452, in Initialization.InitGCMMean
    input_data_tv = cPickle.load(fh)
cPickle.UnpicklingError: invalid load key, 'H'.
Traceback (most recent call last):
  File "main.py", line 33, in <module>
    main()
  File "main.py", line 17, in main
    main3d(namelist)
  File "main.py", line 26, in main3d
    Simulation.initialize(namelist)
  File "Simulation3d.pyx", line 154, in Simulation3d.Simulation3d.initialize
    SetInitialConditions(namelist,self.Gr, self.PV, self.Ref, self.Th, self.StatsIO, self.Pa, self.LH)
  File "Initialization.pyx", line 1452, in Initialization.InitGCMMean
    input_data_tv = cPickle.load(fh)
cPickle.UnpicklingError: invalid load key, 'H'.
    input_data_tv = cPickle.load(fh)
cPickle.UnpicklingError: invalid load key, 'H'.
Traceback (most recent call last):
  File "main.py", line 33, in <module>
    main()
  File "main.py", line 17, in main
    main3d(namelist)
  File "main.py", line 26, in main3d
    Simulation.initialize(namelist)
  File "Simulation3d.pyx", line 154, in Simulation3d.Simulation3d.initialize
    SetInitialConditions(namelist,self.Gr, self.PV, self.Ref, self.Th, self.StatsIO, self.Pa, self.LH)
  File "Initialization.pyx", line 1452, in Initialization.InitGCMMean
    input_data_tv = cPickle.load(fh)
cPickle.UnpicklingError: invalid load key, 'H'.
Traceback (most recent call last):
  File "main.py", line 33, in <module>
    main()
  File "main.py", line 17, in main
    main3d(namelist)
  File "main.py", line 26, in main3d
    Simulation.initialize(namelist)
  File "Simulation3d.pyx", line 154, in Simulation3d.Simulation3d.initialize
    SetInitialConditions(namelist,self.Gr, self.PV, self.Ref, self.Th, self.StatsIO, self.Pa, self.LH)
  File "Initialization.pyx", line 1452, in Initialization.InitGCMMean
    input_data_tv = cPickle.load(fh)
cPickle.UnpicklingError: invalid load key, 'H'.
Traceback (most recent call last):
  File "main.py", line 33, in <module>
    main()
  File "main.py", line 17, in main
    main3d(namelist)
  File "main.py", line 26, in main3d
    Simulation.initialize(namelist)
  File "Simulation3d.pyx", line 154, in Simulation3d.Simulation3d.initialize
    SetInitialConditions(namelist,self.Gr, self.PV, self.Ref, self.Th, self.StatsIO, self.Pa, self.LH)
  File "Initialization.pyx", line 1452, in Initialization.InitGCMMean
Traceback (most recent call last):
  File "main.py", line 33, in <module>
    main()
  File "main.py", line 17, in main
    main3d(namelist)
  File "main.py", line 26, in main3d
    Simulation.initialize(namelist)
  File "Simulation3d.pyx", line 154, in Simulation3d.Simulation3d.initialize
    SetInitialConditions(namelist,self.Gr, self.PV, self.Ref, self.Th, self.StatsIO, self.Pa, self.LH)
  File "Initialization.pyx", line 1452, in Initialization.InitGCMMean
    input_data_tv = cPickle.load(fh)
cPickle.UnpicklingError: invalid load key, 'H'.
Traceback (most recent call last):
  File "main.py", line 33, in <module>
    main()
  File "main.py", line 17, in main
    main3d(namelist)
  File "main.py", line 26, in main3d
    Simulation.initialize(namelist)
  File "Simulation3d.pyx", line 154, in Simulation3d.Simulation3d.initialize
    SetInitialConditions(namelist,self.Gr, self.PV, self.Ref, self.Th, self.StatsIO, self.Pa, self.LH)
  File "Initialization.pyx", line 1452, in Initialization.InitGCMMean
    input_data_tv = cPickle.load(fh)
cPickle.UnpicklingError: invalid load key, 'H'.
Traceback (most recent call last):
  File "main.py", line 33, in <module>
    main()
  File "main.py", line 17, in main
    main3d(namelist)
  File "main.py", line 26, in main3d
    Simulation.initialize(namelist)
  File "Simulation3d.pyx", line 154, in Simulation3d.Simulation3d.initialize
    SetInitialConditions(namelist,self.Gr, self.PV, self.Ref, self.Th, self.StatsIO, self.Pa, self.LH)
  File "Initialization.pyx", line 1452, in Initialization.InitGCMMean
    input_data_tv = cPickle.load(fh)
cPickle.UnpicklingError: invalid load key, 'H'.
Traceback (most recent call last):
  File "main.py", line 33, in <module>
    main()
  File "main.py", line 17, in main
    main3d(namelist)
  File "main.py", line 26, in main3d
    Simulation.initialize(namelist)
  File "Simulation3d.pyx", line 154, in Simulation3d.Simulation3d.initialize
    SetInitialConditions(namelist,self.Gr, self.PV, self.Ref, self.Th, self.StatsIO, self.Pa, self.LH)
  File "Initialization.pyx", line 1452, in Initialization.InitGCMMean
    input_data_tv = cPickle.load(fh)
cPickle.UnpicklingError: invalid load key, 'H'.
    input_data_tv = cPickle.load(fh)
cPickle.UnpicklingError: invalid load key, 'H'.
Traceback (most recent call last):
  File "main.py", line 33, in <module>
    main()
  File "main.py", line 17, in main
    main3d(namelist)
  File "main.py", line 26, in main3d
    Simulation.initialize(namelist)
  File "Simulation3d.pyx", line 154, in Simulation3d.Simulation3d.initialize
    SetInitialConditions(namelist,self.Gr, self.PV, self.Ref, self.Th, self.StatsIO, self.Pa, self.LH)
  File "Initialization.pyx", line 1452, in Initialization.InitGCMMean
    input_data_tv = cPickle.load(fh)
cPickle.UnpicklingError: invalid load key, 'H'.
Traceback (most recent call last):
  File "main.py", line 33, in <module>
    main()
  File "main.py", line 17, in main
    main3d(namelist)
  File "main.py", line 26, in main3d
    Simulation.initialize(namelist)
  File "Simulation3d.pyx", line 154, in Simulation3d.Simulation3d.initialize
    SetInitialConditions(namelist,self.Gr, self.PV, self.Ref, self.Th, self.StatsIO, self.Pa, self.LH)
  File "Initialization.pyx", line 1452, in Initialization.InitGCMMean
    input_data_tv = cPickle.load(fh)
cPickle.UnpicklingError: invalid load key, 'H'.
Traceback (most recent call last):
  File "main.py", line 33, in <module>
    main()
  File "main.py", line 17, in main
    main3d(namelist)
  File "main.py", line 26, in main3d
    Simulation.initialize(namelist)
  File "Simulation3d.pyx", line 154, in Simulation3d.Simulation3d.initialize
    SetInitialConditions(namelist,self.Gr, self.PV, self.Ref, self.Th, self.StatsIO, self.Pa, self.LH)
  File "Initialization.pyx", line 1452, in Initialization.InitGCMMean
    input_data_tv = cPickle.load(fh)
cPickle.UnpicklingError: invalid load key, 'H'.
Traceback (most recent call last):
  File "main.py", line 33, in <module>
    main()
  File "main.py", line 17, in main
    main3d(namelist)
  File "main.py", line 26, in main3d
    Simulation.initialize(namelist)
  File "Simulation3d.pyx", line 154, in Simulation3d.Simulation3d.initialize
    SetInitialConditions(namelist,self.Gr, self.PV, self.Ref, self.Th, self.StatsIO, self.Pa, self.LH)
  File "Initialization.pyx", line 1452, in Initialization.InitGCMMean
    input_data_tv = cPickle.load(fh)
cPickle.UnpicklingError: invalid load key, 'H'.
Traceback (most recent call last):
  File "main.py", line 33, in <module>
    main()
  File "main.py", line 17, in main
    main3d(namelist)
  File "main.py", line 26, in main3d
    Simulation.initialize(namelist)
  File "Simulation3d.pyx", line 154, in Simulation3d.Simulation3d.initialize
    SetInitialConditions(namelist,self.Gr, self.PV, self.Ref, self.Th, self.StatsIO, self.Pa, self.LH)
  File "Initialization.pyx", line 1452, in Initialization.InitGCMMean
    input_data_tv = cPickle.load(fh)
cPickle.UnpicklingError: invalid load key, 'H'.
Traceback (most recent call last):
  File "main.py", line 33, in <module>
    main()
  File "main.py", line 17, in main
    main3d(namelist)
  File "main.py", line 26, in main3d
    Simulation.initialize(namelist)
  File "Simulation3d.pyx", line 154, in Simulation3d.Simulation3d.initialize
    SetInitialConditions(namelist,self.Gr, self.PV, self.Ref, self.Th, self.StatsIO, self.Pa, self.LH)
  File "Initialization.pyx", line 1452, in Initialization.InitGCMMean
    input_data_tv = cPickle.load(fh)
cPickle.UnpicklingError: invalid load key, 'H'.
Traceback (most recent call last):
  File "main.py", line 33, in <module>
    main()
  File "main.py", line 17, in main
    main3d(namelist)
  File "main.py", line 26, in main3d
    Simulation.initialize(namelist)
  File "Simulation3d.pyx", line 154, in Simulation3d.Simulation3d.initialize
    SetInitialConditions(namelist,self.Gr, self.PV, self.Ref, self.Th, self.StatsIO, self.Pa, self.LH)
  File "Initialization.pyx", line 1452, in Initialization.InitGCMMean
    input_data_tv = cPickle.load(fh)
cPickle.UnpicklingError: invalid load key, 'H'.
Traceback (most recent call last):
  File "main.py", line 33, in <module>
    main()
  File "main.py", line 17, in main
    main3d(namelist)
  File "main.py", line 26, in main3d
    Simulation.initialize(namelist)
  File "Simulation3d.pyx", line 154, in Simulation3d.Simulation3d.initialize
    SetInitialConditions(namelist,self.Gr, self.PV, self.Ref, self.Th, self.StatsIO, self.Pa, self.LH)
  File "Initialization.pyx", line 1452, in Initialization.InitGCMMean
    input_data_tv = cPickle.load(fh)
cPickle.UnpicklingError: invalid load key, 'H'.
Traceback (most recent call last):
  File "main.py", line 33, in <module>
    main()
  File "main.py", line 17, in main
    main3d(namelist)
  File "main.py", line 26, in main3d
    Simulation.initialize(namelist)
  File "Simulation3d.pyx", line 154, in Simulation3d.Simulation3d.initialize
    SetInitialConditions(namelist,self.Gr, self.PV, self.Ref, self.Th, self.StatsIO, self.Pa, self.LH)
  File "Initialization.pyx", line 1452, in Initialization.InitGCMMean
    input_data_tv = cPickle.load(fh)
cPickle.UnpicklingError: invalid load key, 'H'.
Traceback (most recent call last):
  File "main.py", line 33, in <module>
    main()
  File "main.py", line 17, in main
    main3d(namelist)
  File "main.py", line 26, in main3d
    Simulation.initialize(namelist)
  File "Simulation3d.pyx", line 154, in Simulation3d.Simulation3d.initialize
    SetInitialConditions(namelist,self.Gr, self.PV, self.Ref, self.Th, self.StatsIO, self.Pa, self.LH)
  File "Initialization.pyx", line 1452, in Initialization.InitGCMMean
    input_data_tv = cPickle.load(fh)
cPickle.UnpicklingError: invalid load key, 'H'.
Traceback (most recent call last):
  File "main.py", line 33, in <module>
Traceback (most recent call last):
  File "main.py", line 33, in <module>
    main()
  File "main.py", line 17, in main
Traceback (most recent call last):
  File "main.py", line 33, in <module>
    main()
  File "main.py", line 17, in main
Traceback (most recent call last):
  File "main.py", line 33, in <module>
    main3d(namelist)
  File "main.py", line 26, in main3d
    main3d(namelist)
  File "main.py", line 26, in main3d
    main()
  File "main.py", line 17, in main
    Simulation.initialize(namelist)
  File "Simulation3d.pyx", line 154, in Simulation3d.Simulation3d.initialize
    Simulation.initialize(namelist)
  File "Simulation3d.pyx", line 154, in Simulation3d.Simulation3d.initialize
Traceback (most recent call last):
  File "main.py", line 33, in <module>
    main3d(namelist)
  File "main.py", line 26, in main3d
    SetInitialConditions(namelist,self.Gr, self.PV, self.Ref, self.Th, self.StatsIO, self.Pa, self.LH)
  File "Initialization.pyx", line 1452, in Initialization.InitGCMMean
    SetInitialConditions(namelist,self.Gr, self.PV, self.Ref, self.Th, self.StatsIO, self.Pa, self.LH)
  File "Initialization.pyx", line 1452, in Initialization.InitGCMMean
    Simulation.initialize(namelist)
  File "Simulation3d.pyx", line 154, in Simulation3d.Simulation3d.initialize
    main()
  File "main.py", line 17, in main
    SetInitialConditions(namelist,self.Gr, self.PV, self.Ref, self.Th, self.StatsIO, self.Pa, self.LH)
  File "Initialization.pyx", line 1452, in Initialization.InitGCMMean
    main3d(namelist)
  File "main.py", line 26, in main3d
    Simulation.initialize(namelist)
  File "Simulation3d.pyx", line 154, in Simulation3d.Simulation3d.initialize
    input_data_tv = cPickle.load(fh)
    SetInitialConditions(namelist,self.Gr, self.PV, self.Ref, self.Th, self.StatsIO, self.Pa, self.LH)
  File "Initialization.pyx", line 1452, in Initialization.InitGCMMean
    input_data_tv = cPickle.load(fh)
cPickle.UnpicklingError: invalid load key, 'H'.
cPickle.UnpicklingError: invalid load key, 'H'.
    input_data_tv = cPickle.load(fh)
cPickle.UnpicklingError: invalid load key, 'H'.
    input_data_tv = cPickle.load(fh)
cPickle.UnpicklingError: invalid load key, 'H'.
    main()
  File "main.py", line 17, in main
Traceback (most recent call last):
  File "main.py", line 33, in <module>
    main3d(namelist)
  File "main.py", line 26, in main3d
    Simulation.initialize(namelist)
  File "Simulation3d.pyx", line 154, in Simulation3d.Simulation3d.initialize
    main()
  File "main.py", line 17, in main
    SetInitialConditions(namelist,self.Gr, self.PV, self.Ref, self.Th, self.StatsIO, self.Pa, self.LH)
  File "Initialization.pyx", line 1452, in Initialization.InitGCMMean
    main3d(namelist)
  File "main.py", line 26, in main3d
    input_data_tv = cPickle.load(fh)
cPickle.UnpicklingError: invalid load key, 'H'.
    Simulation.initialize(namelist)
  File "Simulation3d.pyx", line 154, in Simulation3d.Simulation3d.initialize
    SetInitialConditions(namelist,self.Gr, self.PV, self.Ref, self.Th, self.StatsIO, self.Pa, self.LH)
  File "Initialization.pyx", line 1452, in Initialization.InitGCMMean
Traceback (most recent call last):
  File "main.py", line 33, in <module>
    main()
  File "main.py", line 17, in main
    main3d(namelist)
  File "main.py", line 26, in main3d
    Simulation.initialize(namelist)
  File "Simulation3d.pyx", line 154, in Simulation3d.Simulation3d.initialize
    SetInitialConditions(namelist,self.Gr, self.PV, self.Ref, self.Th, self.StatsIO, self.Pa, self.LH)
  File "Initialization.pyx", line 1452, in Initialization.InitGCMMean
    input_data_tv = cPickle.load(fh)
cPickle.UnpicklingError: invalid load key, 'H'.
    input_data_tv = cPickle.load(fh)
cPickle.UnpicklingError: invalid load key, 'H'.
Traceback (most recent call last):
  File "main.py", line 33, in <module>
    main()
  File "main.py", line 17, in main
    main3d(namelist)
  File "main.py", line 26, in main3d
    Simulation.initialize(namelist)
  File "Simulation3d.pyx", line 154, in Simulation3d.Simulation3d.initialize
    SetInitialConditions(namelist,self.Gr, self.PV, self.Ref, self.Th, self.StatsIO, self.Pa, self.LH)
  File "Initialization.pyx", line 1452, in Initialization.InitGCMMean
    input_data_tv = cPickle.load(fh)
cPickle.UnpicklingError: invalid load key, 'H'.
t (initial time) not given in namelist so taking default value t = 0
This is not a restart run!
Traceback (most recent call last):
  File "main.py", line 33, in <module>
    main()
  File "main.py", line 17, in main
    main3d(namelist)
  File "main.py", line 26, in main3d
    Simulation.initialize(namelist)
  File "Simulation3d.pyx", line 154, in Simulation3d.Simulation3d.initialize
    SetInitialConditions(namelist,self.Gr, self.PV, self.Ref, self.Th, self.StatsIO, self.Pa, self.LH)
  File "Initialization.pyx", line 1452, in Initialization.InitGCMMean
    input_data_tv = cPickle.load(fh)
cPickle.UnpicklingError: invalid load key, 'H'.
srun: error: hpc-93-10: task 77: Exited with exit code 1
srun: error: hpc-92-05: task 38: Exited with exit code 1
srun: error: hpc-91-19: task 10: Exited with exit code 1
srun: error: hpc-93-15: task 82: Exited with exit code 1
srun: error: hpc-93-11: task 78: Exited with exit code 1
srun: error: hpc-93-09: task 76: Exited with exit code 1
srun: error: hpc-91-24: task 13: Exited with exit code 1
srun: error: hpc-93-30: task 95: Exited with exit code 1
srun: error: hpc-91-14: task 5: Exited with exit code 1
srun: error: hpc-91-09: task 0: Exited with exit code 1
srun: error: hpc-91-21: task 12: Exited with exit code 1
srun: error: hpc-93-12: task 79: Exited with exit code 1
srun: error: hpc-93-17: task 84: Exited with exit code 1
srun: error: hpc-93-26: task 93: Exited with exit code 1
srun: error: hpc-91-18: task 9: Exited with exit code 1
srun: error: hpc-93-04: task 40: Exited with exit code 1
srun: error: hpc-93-14: task 81: Exited with exit code 1
srun: error: hpc-91-20: task 11: Exited with exit code 1
srun: error: hpc-93-13: task 80: Exited with exit code 1
srun: error: hpc-93-20: task 87: Exited with exit code 1
srun: error: hpc-93-25: task 92: Exited with exit code 1
srun: error: hpc-91-17: task 8: Exited with exit code 1
srun: error: hpc-93-22: task 89: Exited with exit code 1
srun: error: hpc-91-11: task 2: Exited with exit code 1
srun: error: hpc-93-19: task 86: Exited with exit code 1
srun: error: hpc-93-05: task 41: Exited with exit code 1
srun: error: hpc-92-04: task 37: Exited with exit code 1
srun: error: hpc-91-12: task 3: Exited with exit code 1
srun: error: hpc-93-08: task 75: Exited with exit code 1
srun: error: hpc-93-03: task 39: Exited with exit code 1
srun: error: hpc-93-18: task 85: Exited with exit code 1
srun: error: hpc-93-23: task 90: Exited with exit code 1
srun: error: hpc-91-15: task 6: Exited with exit code 1
srun: error: hpc-93-16: task 83: Exited with exit code 1
srun: error: hpc-91-10: task 1: Exited with exit code 1
srun: error: hpc-93-24: task 91: Exited with exit code 1
srun: error: hpc-91-13: task 4: Exited with exit code 1
srun: error: hpc-91-16: task 7: Exited with exit code 1
srun: error: hpc-93-29: task 94: Exited with exit code 1
srun: error: hpc-93-06: task 42: Exited with exit code 1
srun: error: hpc-93-21: task 88: Exited with exit code 1
srun: error: hpc-91-25: tasks 14-15,18-20,22-24,26-29,31-36: Exited with exit code 1
srun: error: hpc-93-07: tasks 44-71: Exited with exit code 1
srun: error: hpc-91-25: tasks 16-17,21,25,30: Exited with exit code 1
srun: error: hpc-93-07: tasks 43,72-74: Exited with exit code 1
